Sciabalada/build/outputs/logs/manifest-merger-debug-report.txt
-- Merging decision tree log ---
manifest
ADDED from src/main/AndroidManifest.xml:2:1-104:12
	package
		ADDED from src/main/AndroidManifest.xml:3:5-48
		INJECTED from src/main/AndroidManifest.xml
		INJECTED from src/main/AndroidManifest.xml
	android:versionName
		ADDED from src/main/AndroidManifest.xml:5:5-32
		INJECTED from src/main/AndroidManifest.xml
		INJECTED from src/main/AndroidManifest.xml
	android:versionCode
		ADDED from src/main/AndroidManifest.xml:4:5-28
		INJECTED from src/main/AndroidManifest.xml
		INJECTED from src/main/AndroidManifest.xml
	xmlns:android
		ADDED from src/main/AndroidManifest.xml:2:11-69
uses-sdk
ADDED from src/main/AndroidManifest.xml:7:5-9:41
	android:targetSdkVersion
		ADDED from src/main/AndroidManifest.xml:9:9-38
		INJECTED from src/main/AndroidManifest.xml
		INJECTED from src/main/AndroidManifest.xml
	android:minSdkVersion
		ADDED from src/main/AndroidManifest.xml:8:9-34
		INJECTED from src/main/AndroidManifest.xml
		INJECTED from src/main/AndroidManifest.xml
application
ADDED from src/main/AndroidManifest.xml:11:5-99:19
	android:label
		ADDED from src/main/AndroidManifest.xml:14:9-41
	android:allowBackup
		ADDED from src/main/AndroidManifest.xml:12:9-35
	android:icon
		ADDED from src/main/AndroidManifest.xml:13:9-44
	android:theme
		ADDED from src/main/AndroidManifest.xml:15:9-40
activity#com.trentanof.software.sciabalada.MainActivity
ADDED from src/main/AndroidManifest.xml:16:9-24:20
	android:label
		ADDED from src/main/AndroidManifest.xml:18:13-45
	android:name
		ADDED from src/main/AndroidManifest.xml:17:13-74
intent-filter#android.intent.action.MAIN+android.intent.category.LAUNCHER
ADDED from src/main/AndroidManifest.xml:19:13-23:29
action#android.intent.action.MAIN
ADDED from src/main/AndroidManifest.xml:20:17-69
	android:name
		ADDED from src/main/AndroidManifest.xml:20:25-66
category#android.intent.category.LAUNCHER
ADDED from src/main/AndroidManifest.xml:22:17-77
	android:name
		ADDED from src/main/AndroidManifest.xml:22:27-74
activity#com.trentanof.software.sciabalada.TavoloScala
ADDED from src/main/AndroidManifest.xml:25:9-28:20
	android:label
		ADDED from src/main/AndroidManifest.xml:27:13-64
	android:name
		ADDED from src/main/AndroidManifest.xml:26:13-73
activity#com.trentanof.software.sciabalada.PartitaScala
ADDED from src/main/AndroidManifest.xml:29:9-32:20
	android:label
		ADDED from src/main/AndroidManifest.xml:31:13-65
	android:name
		ADDED from src/main/AndroidManifest.xml:30:13-74
activity#com.trentanof.software.sciabalada.PartitaScalaQD
ADDED from src/main/AndroidManifest.xml:33:9-36:20
	android:label
		ADDED from src/main/AndroidManifest.xml:35:13-68
	android:name
		ADDED from src/main/AndroidManifest.xml:34:13-76
activity#com.trentanof.software.sciabalada.PartitaScala40QD
ADDED from src/main/AndroidManifest.xml:37:9-40:20
	android:label
		ADDED from src/main/AndroidManifest.xml:39:13-70
	android:name
		ADDED from src/main/AndroidManifest.xml:38:13-78
activity#com.trentanof.software.sciabalada.PartitaScopa
ADDED from src/main/AndroidManifest.xml:41:9-44:20
	android:label
		ADDED from src/main/AndroidManifest.xml:43:13-65
	android:name
		ADDED from src/main/AndroidManifest.xml:42:13-74
activity#com.trentanof.software.sciabalada.TavoloScopa
ADDED from src/main/AndroidManifest.xml:45:9-48:20
	android:label
		ADDED from src/main/AndroidManifest.xml:47:13-64
	android:name
		ADDED from src/main/AndroidManifest.xml:46:13-73
activity#com.trentanof.software.sciabalada.Resume
ADDED from src/main/AndroidManifest.xml:49:9-52:20
	android:label
		ADDED from src/main/AndroidManifest.xml:51:13-58
	android:name
		ADDED from src/main/AndroidManifest.xml:50:13-68
activity#com.trentanof.software.sciabalada.Statistiche
ADDED from src/main/AndroidManifest.xml:53:9-56:20
	android:label
		ADDED from src/main/AndroidManifest.xml:55:13-63
	android:name
		ADDED from src/main/AndroidManifest.xml:54:13-73
activity#com.trentanof.software.sciabalada.Settings
ADDED from src/main/AndroidManifest.xml:57:9-60:20
	android:label
		ADDED from src/main/AndroidManifest.xml:59:13-60
	android:name
		ADDED from src/main/AndroidManifest.xml:58:13-70
activity#com.trentanof.software.sciabalada.SelectStatistiche
ADDED from src/main/AndroidManifest.xml:61:9-64:20
	android:label
		ADDED from src/main/AndroidManifest.xml:63:13-56
	android:name
		ADDED from src/main/AndroidManifest.xml:62:13-79
activity#com.trentanof.software.sciabalada.GraficoSaldo
ADDED from src/main/AndroidManifest.xml:65:9-68:20
	android:label
		ADDED from src/main/AndroidManifest.xml:67:13-39
	android:name
		ADDED from src/main/AndroidManifest.xml:66:13-74
activity#com.trentanof.software.sciabalada.GraficoPuntate
ADDED from src/main/AndroidManifest.xml:69:9-72:20
	android:label
		ADDED from src/main/AndroidManifest.xml:71:13-39
	android:name
		ADDED from src/main/AndroidManifest.xml:70:13-76
activity#com.trentanof.software.sciabalada.GraficoVincite
ADDED from src/main/AndroidManifest.xml:73:9-76:20
	android:label
		ADDED from src/main/AndroidManifest.xml:75:13-39
	android:name
		ADDED from src/main/AndroidManifest.xml:74:13-76
activity#com.trentanof.software.sciabalada.GraficoPPartiteVinte
ADDED from src/main/AndroidManifest.xml:77:9-80:20
	android:label
		ADDED from src/main/AndroidManifest.xml:79:13-39
	android:name
		ADDED from src/main/AndroidManifest.xml:78:13-82
activity#com.trentanof.software.sciabalada.GraficoPartiteVinte
ADDED from src/main/AndroidManifest.xml:81:9-84:20
	android:label
		ADDED from src/main/AndroidManifest.xml:83:13-39
	android:name
		ADDED from src/main/AndroidManifest.xml:82:13-81
activity#com.trentanof.software.sciabalada.GraficoRientri
ADDED from src/main/AndroidManifest.xml:85:9-88:20
	android:label
		ADDED from src/main/AndroidManifest.xml:87:13-39
	android:name
		ADDED from src/main/AndroidManifest.xml:86:13-76
activity#com.trentanof.software.sciabalada.GraficoManiGiocate
ADDED from src/main/AndroidManifest.xml:89:9-92:20
	android:label
		ADDED from src/main/AndroidManifest.xml:91:13-39
	android:name
		ADDED from src/main/AndroidManifest.xml:90:13-80
activity#com.trentanof.software.sciabalada.GraficoPartiteGiocate
ADDED from src/main/AndroidManifest.xml:93:9-96:20
	android:label
		ADDED from src/main/AndroidManifest.xml:95:13-39
	android:name
		ADDED from src/main/AndroidManifest.xml:94:13-83
uses-permission#android.permission.INTERNET
ADDED from src/main/AndroidManifest.xml:101:9-70
	android:name
		ADDED from src/main/AndroidManifest.xml:101:26-68
uses-permission#android.permission.WRITE_EXTERNAL_STORAGE
ADDED from src/main/AndroidManifest.xml:102:3-78
	android:name
		ADDED from src/main/AndroidManifest.xml:102:20-76
uses-permission#android.permission.READ_EXTERNAL_STORAGE
ADDED from src/main/AndroidManifest.xml:103:9-83
	android:name
		ADDED from src/main/AndroidManifest.xml:103:26-81